<test-run id="2" duration="82.037217" testcasecount="11" total="11" passed="11" failed="0" inconclusive="0" skipped="0" result="Passed" start-time="2025-05-26T13:36:26Z" end-time="2025-05-26T13:37:50Z">
  <test-suite type="Assembly" name="NeocitiesTests.dll" fullname="C:\Users\zaxar\Desktop\NeocitiesTests\bin\Debug\net9.0\NeocitiesTests.dll" total="11" passed="11" failed="0" inconclusive="0" skipped="0" result="Passed" start-time="2025-05-26T13:36:28Z" end-time="2025-05-26T13:37:50Z" duration="82.037217">
    <test-suite type="TestSuite" name="NeocitiesTests" fullname="NeocitiesTests" total="11" passed="11" failed="0" inconclusive="0" skipped="0" result="Passed" start-time="2025-05-26T13:36:28Z" end-time="2025-05-26T13:37:50Z" duration="82.037217">
      <test-suite type="TestFixture" name="Tests" fullname="NeocitiesTests.Tests" classname="NeocitiesTests.Tests" total="11" passed="11" failed="0" inconclusive="0" skipped="0" result="Passed" start-time="2025-05-26T13:36:28Z" end-time="2025-05-26T13:37:50Z" duration="82.037217">
        <test-case name="Test1_CheckPageTitle" fullname="NeocitiesTests.Tests.Test1_CheckPageTitle" methodname="Test1_CheckPageTitle" classname="Tests" result="Passed" start-time="2025-05-26T13:36:28Z" end-time="2025-05-26T13:36:47Z" duration="19.314944" asserts="0" seed="1335549940" />
        <test-case name="Test10_ViewSiteDetails" fullname="NeocitiesTests.Tests.Test10_ViewSiteDetails" methodname="Test10_ViewSiteDetails" classname="Tests" result="Passed" start-time="2025-05-26T13:36:47Z" end-time="2025-05-26T13:36:55Z" duration="8.360606" asserts="0" seed="1329927291" />
        <test-case name="Test11_CheckTutorialsPage" fullname="NeocitiesTests.Tests.Test11_CheckTutorialsPage" methodname="Test11_CheckTutorialsPage" classname="Tests" result="Passed" start-time="2025-05-26T13:36:55Z" end-time="2025-05-26T13:37:06Z" duration="10.555389" asserts="0" seed="1265240491" />
        <test-case name="Test2_CheckMainElementsVisibility" fullname="NeocitiesTests.Tests.Test2_CheckMainElementsVisibility" methodname="Test2_CheckMainElementsVisibility" classname="Tests" result="Passed" start-time="2025-05-26T13:37:06Z" end-time="2025-05-26T13:37:11Z" duration="5.153689" asserts="0" seed="1052903410" />
        <test-case name="Test3_SearchSites" fullname="NeocitiesTests.Tests.Test3_SearchSites" methodname="Test3_SearchSites" classname="Tests" result="Passed" start-time="2025-05-26T13:37:11Z" end-time="2025-05-26T13:37:18Z" duration="6.958963" asserts="0" seed="693015450" />
        <test-case name="Test4_OpenSignUpForm" fullname="NeocitiesTests.Tests.Test4_OpenSignUpForm" methodname="Test4_OpenSignUpForm" classname="Tests" result="Passed" start-time="2025-05-26T13:37:18Z" end-time="2025-05-26T13:37:22Z" duration="4.278057" asserts="0" seed="937927970" />
        <test-case name="Test5_InvalidSignUpAttempt" fullname="NeocitiesTests.Tests.Test5_InvalidSignUpAttempt" methodname="Test5_InvalidSignUpAttempt" classname="Tests" result="Passed" start-time="2025-05-26T13:37:22Z" end-time="2025-05-26T13:37:27Z" duration="4.396889" asserts="0" seed="1958785864" />
        <test-case name="Test6_OpenLoginForm" fullname="NeocitiesTests.Tests.Test6_OpenLoginForm" methodname="Test6_OpenLoginForm" classname="Tests" result="Passed" start-time="2025-05-26T13:37:27Z" end-time="2025-05-26T13:37:31Z" duration="4.445416" asserts="0" seed="1899009506" />
        <test-case name="Test7_InvalidLoginAttempt" fullname="NeocitiesTests.Tests.Test7_InvalidLoginAttempt" methodname="Test7_InvalidLoginAttempt" classname="Tests" result="Passed" start-time="2025-05-26T13:37:31Z" end-time="2025-05-26T13:37:37Z" duration="5.484954" asserts="0" seed="965269198" />
        <test-case name="Test8_NavigateToBrowsePage" fullname="NeocitiesTests.Tests.Test8_NavigateToBrowsePage" methodname="Test8_NavigateToBrowsePage" classname="Tests" result="Passed" start-time="2025-05-26T13:37:37Z" end-time="2025-05-26T13:37:42Z" duration="5.218265" asserts="0" seed="258923331" />
        <test-case name="Test9_FilterSitesByTag" fullname="NeocitiesTests.Tests.Test9_FilterSitesByTag" methodname="Test9_FilterSitesByTag" classname="Tests" result="Passed" start-time="2025-05-26T13:37:42Z" end-time="2025-05-26T13:37:50Z" duration="7.870045" asserts="0" seed="776616319" />
      </test-suite>
    </test-suite>
    <errors />
  </test-suite>
</test-run>