<test-run id="2" duration="67.2885218" testcasecount="11" total="11" passed="11" failed="0" inconclusive="0" skipped="0" result="Passed" start-time="2025-05-26T14:17:24Z" end-time="2025-05-26T14:18:32Z">
  <test-suite type="Assembly" name="NeocitiesTests.dll" fullname="C:\Users\zaxar\Desktop\NeocitiesTests\bin\Debug\net9.0\NeocitiesTests.dll" total="11" passed="11" failed="0" inconclusive="0" skipped="0" result="Passed" start-time="2025-05-26T14:17:25Z" end-time="2025-05-26T14:18:32Z" duration="67.2885218">
    <test-suite type="TestSuite" name="NeocitiesTests" fullname="NeocitiesTests" total="11" passed="11" failed="0" inconclusive="0" skipped="0" result="Passed" start-time="2025-05-26T14:17:25Z" end-time="2025-05-26T14:18:32Z" duration="67.2885218">
      <test-suite type="TestFixture" name="Tests" fullname="NeocitiesTests.Tests" classname="NeocitiesTests.Tests" total="11" passed="11" failed="0" inconclusive="0" skipped="0" result="Passed" start-time="2025-05-26T14:17:25Z" end-time="2025-05-26T14:18:32Z" duration="67.2885218">
        <test-case name="Test1_CheckPageTitle" fullname="NeocitiesTests.Tests.Test1_CheckPageTitle" methodname="Test1_CheckPageTitle" classname="Tests" result="Passed" start-time="2025-05-26T14:17:25Z" end-time="2025-05-26T14:17:30Z" duration="5.1472749" asserts="0" seed="1701867322" />
        <test-case name="Test10_ViewSiteDetails" fullname="NeocitiesTests.Tests.Test10_ViewSiteDetails" methodname="Test10_ViewSiteDetails" classname="Tests" result="Passed" start-time="2025-05-26T14:17:30Z" end-time="2025-05-26T14:17:38Z" duration="7.683455" asserts="0" seed="370114380" />
        <test-case name="Test11_CheckTutorialsPage" fullname="NeocitiesTests.Tests.Test11_CheckTutorialsPage" methodname="Test11_CheckTutorialsPage" classname="Tests" result="Passed" start-time="2025-05-26T14:17:38Z" end-time="2025-05-26T14:17:48Z" duration="10.687265" asserts="0" seed="1955010886" />
        <test-case name="Test2_CheckMainElementsVisibility" fullname="NeocitiesTests.Tests.Test2_CheckMainElementsVisibility" methodname="Test2_CheckMainElementsVisibility" classname="Tests" result="Passed" start-time="2025-05-26T14:17:48Z" end-time="2025-05-26T14:17:53Z" duration="4.6113989" asserts="0" seed="1424634759" />
        <test-case name="Test3_SearchSites" fullname="NeocitiesTests.Tests.Test3_SearchSites" methodname="Test3_SearchSites" classname="Tests" result="Passed" start-time="2025-05-26T14:17:53Z" end-time="2025-05-26T14:18:01Z" duration="7.680282" asserts="0" seed="462371574" />
        <test-case name="Test4_OpenSignUpForm" fullname="NeocitiesTests.Tests.Test4_OpenSignUpForm" methodname="Test4_OpenSignUpForm" classname="Tests" result="Passed" start-time="2025-05-26T14:18:01Z" end-time="2025-05-26T14:18:05Z" duration="4.528199" asserts="0" seed="630071261" />
        <test-case name="Test5_InvalidSignUpAttempt" fullname="NeocitiesTests.Tests.Test5_InvalidSignUpAttempt" methodname="Test5_InvalidSignUpAttempt" classname="Tests" result="Passed" start-time="2025-05-26T14:18:05Z" end-time="2025-05-26T14:18:10Z" duration="4.361624" asserts="0" seed="1200150530" />
        <test-case name="Test6_OpenLoginForm" fullname="NeocitiesTests.Tests.Test6_OpenLoginForm" methodname="Test6_OpenLoginForm" classname="Tests" result="Passed" start-time="2025-05-26T14:18:10Z" end-time="2025-05-26T14:18:14Z" duration="4.643298" asserts="0" seed="1903593171" />
        <test-case name="Test7_InvalidLoginAttempt" fullname="NeocitiesTests.Tests.Test7_InvalidLoginAttempt" methodname="Test7_InvalidLoginAttempt" classname="Tests" result="Passed" start-time="2025-05-26T14:18:14Z" end-time="2025-05-26T14:18:20Z" duration="5.40515" asserts="0" seed="387603615" />
        <test-case name="Test8_NavigateToBrowsePage" fullname="NeocitiesTests.Tests.Test8_NavigateToBrowsePage" methodname="Test8_NavigateToBrowsePage" classname="Tests" result="Passed" start-time="2025-05-26T14:18:20Z" end-time="2025-05-26T14:18:25Z" duration="5.153456" asserts="0" seed="1606518838" />
        <test-case name="Test9_FilterSitesByTag" fullname="NeocitiesTests.Tests.Test9_FilterSitesByTag" methodname="Test9_FilterSitesByTag" classname="Tests" result="Passed" start-time="2025-05-26T14:18:25Z" end-time="2025-05-26T14:18:32Z" duration="7.387119" asserts="0" seed="1141763293" />
      </test-suite>
    </test-suite>
    <errors />
  </test-suite>
</test-run>